001,000000617,2026/05/16 13:43
001,000000617,2026/05/16 14:00
001,000000617,2026/05/16 15:08
001,000000617,2026/05/16 16:01
001,000000617,2026/05/16 16:02
001,000000617,2026/05/16 17:02
001,000000617,2026/05/16 18:02
001,000000617,2026/05/16 18:10
001,000000617,2026/05/16 20:02
001,000000617,2026/05/16 20:27
001,000000617,2026/05/16 22:02
001,000000617,2026/05/16 22:02
001,000001882,2026/05/17 04:11
001,000001882,2026/05/17 09:44
001,000001882,2026/05/17 12:07
001,000000617,2026/05/17 13:43
001,000001882,2026/05/17 14:00
001,000001882,2026/05/17 15:08
001,000000617,2026/05/17 16:01
001,000001882,2026/05/17 16:02
001,000000617,2026/05/17 17:02
001,000000617,2026/05/17 18:02
001,000001882,2026/05/17 18:10
001,000000617,2026/05/17 20:06
001,000000617,2026/05/17 22:02
001,000000617,2026/05/17 22:02
001,000001882,2026/05/18 09:46
001,000001882,2026/05/18 12:00
001,000001882,2026/05/18 14:01
001,000001882,2026/05/18 15:07
001,000001882,2026/05/18 16:01
001,000001882,2026/05/18 18:09
001,000001882,2026/05/18 20:00
001,000001882,2026/05/18 22:00
001,000000617,2026/05/19 09:41
001,000000617,2026/05/19 12:00
001,000000617,2026/05/19 14:01
001,000000617,2026/05/19 15:02
001,000000617,2026/05/19 16:01
001,000000617,2026/05/19 18:05
001,000000617,2026/05/19 20:00
001,000000617,2026/05/19 22:02
001,000000617,2026/05/19 22:02
001,000001882,2026/05/20 09:51
001,000001882,2026/05/20 12:01
001,000001882,2026/05/20 14:01
001,000001882,2026/05/20 16:01
001,000001882,2026/05/20 17:01
001,000001882,2026/05/20 18:00
001,000001882,2026/05/20 20:03
001,000001882,2026/05/20 22:01
001,000000617,2026/05/21 09:43
001,000000617,2026/05/21 12:00
001,000001882,2026/05/21 13:56
001,000000617,2026/05/21 14:02
001,000000617,2026/05/21 15:21
001,000001882,2026/05/21 16:04
001,000000617,2026/05/21 16:23
001,000001882,2026/05/21 17:33
001,000000617,2026/05/21 18:17
001,000001882,2026/05/21 20:02
001,000001882,2026/05/21 22:00
001,000000617,2026/05/22 08:36
001,000000617,2026/05/22 11:08
001,000000617,2026/05/22 13:02
001,000001882,2026/05/22 13:54
001,000000617,2026/05/22 15:09
001,000001882,2026/05/22 16:01
001,000000617,2026/05/22 16:06
001,000001882,2026/05/22 16:13
001,000000617,2026/05/22 17:12
001,000000617,2026/05/22 17:12
001,000001882,2026/05/22 17:12
001,000001882,2026/05/22 17:18
001,000001882,2026/05/22 18:11
001,000001882,2026/05/22 20:02
001,000001882,2026/05/22 22:00
001,000001882,2026/05/23 09:49
001,000001882,2026/05/23 12:00
001,000001882,2026/05/23 14:00
001,000001882,2026/05/23 16:04
001,000001882,2026/05/23 17:02
001,000002443,2026/05/23 17:35
001,000001882,2026/05/23 18:05
001,000001882,2026/05/23 20:31
001,000002443,2026/05/23 21:01
001,000002443,2026/05/23 22:15
001,000001882,2026/05/24 09:58
001,000001882,2026/05/24 12:30
001,000001882,2026/05/24 14:00
001,000001882,2026/05/24 16:03
001,000002443,2026/05/24 17:36
001,000001882,2026/05/24 18:32
001,000001882,2026/05/24 19:12
001,000002443,2026/05/24 20:12
001,000002443,2026/05/24 22:06
001,000001882,2026/05/25 09:56
001,000001882,2026/05/25 12:03
001,000001882,2026/05/25 14:00
001,000001882,2026/05/25 16:07
001,000001882,2026/05/25 17:09
001,000001882,2026/05/25 20:06
001,000001882,2026/05/25 22:04
001,000001882,2026/05/26 09:46
001,000001882,2026/05/26 12:00
001,000000617,2026/05/26 13:39
001,000001882,2026/05/26 14:00
001,000001882,2026/05/26 15:06
001,000000617,2026/05/26 16:01
001,000001882,2026/05/26 16:11
001,000001882,2026/05/26 18:13
001,000000617,2026/05/26 18:14
001,000000617,2026/05/26 20:07
001,000000617,2026/05/26 22:01
001,000000617,2026/05/26 22:01
001,000001882,2026/05/27 10:47
001,000001882,2026/05/27 11:59
001,000001882,2026/05/27 14:13
001,000001882,2026/05/27 14:28
001,000001882,2026/05/27 15:28
001,000001882,2026/05/27 16:05
001,000000617,2026/05/27 19:09
001,000001882,2026/05/27 20:08
001,000001882,2026/05/27 22:18
001,000001882,2026/05/28 08:45
001,000000617,2026/05/28 09:44
001,000000617,2026/05/28 12:04
001,000000617,2026/05/28 14:30
001,000001882,2026/05/28 15:01
001,000000617,2026/05/28 15:30
001,000000617,2026/05/28 16:00
001,000000617,2026/05/28 18:00
001,000000617,2026/05/28 20:01
001,000000617,2026/05/28 21:04
001,000000617,2026/05/28 22:00
001,000000617,2026/05/28 22:00
001,000001882,2026/05/29 09:56
001,000001882,2026/05/29 11:58
001,000001882,2026/05/29 13:33
001,000001882,2026/05/29 14:00
001,000000617,2026/05/29 18:05
001,000000617,2026/05/29 13:50
001,000000617,2026/05/29 20:10
001,000000617,2026/05/29 22:01
001,000000617,2026/05/29 22:01
001,000000617,2026/05/30 09:41
001,000000617,2026/05/30 12:01
001,000000617,2026/05/30 14:06
001,000000617,2026/05/30 16:10
001,000002443,2026/05/30 17:43
001,000000617,2026/05/30 18:01
001,000000617,2026/05/30 20:15
001,000000617,2026/05/30 20:15
001,000002443,2026/05/30 20:22
001,000002443,2026/05/30 22:14
001,000002443,2026/05/30 22:16
001,000000617,2026/05/31 09:44
001,000000617,2026/05/31 12:01
001,000000617,2026/05/31 14:07
001,000000617,2026/05/31 15:02
001,000000617,2026/05/31 16:07
001,000000617,2026/05/31 18:02
001,000001882,2026/05/31 18:55
001,000001882,2026/05/31 19:06
001,000000617,2026/05/31 20:00
001,000000617,2026/05/31 22:04
001,000000617,2026/05/31 22:04
001,000000617,2026/06/01 09:41
001,000000617,2026/06/01 12:02
001,000000617,2026/06/01 14:02
